03:23:21 INFO  Starting InventarioServiceApplication using Java 21.0.11 with PID 7564 (C:\Users\Asa\Downloads\bicirepair\inventario-service\target\classes started by Asa in C:\Users\Asa\Downloads\bicirepair\inventario-service)
03:23:21 INFO  No active profile set, falling back to 1 default profile: "default"
03:23:22 INFO  Bootstrapping Spring Data JPA repositories in DEFAULT mode.
03:23:22 INFO  Finished Spring Data repository scanning in 127 ms. Found 1 JPA repository interface.
03:23:23 INFO  HHH008540: Processing PersistenceUnitInfo [name: AotMetamodel]
03:23:23 INFO  HHH000001: Hibernate ORM core version 7.2.19.Final
03:23:24 INFO  No LoadTimeWeaver setup: ignoring JPA class transformer
03:23:24 INFO  HHH10001005: Database info:
	Database JDBC URL [undefined/unknown]
	Database driver: undefined/unknown
	Database dialect: SpringDataJpaAotDialect
	Database version: 0.0
	Default catalog/schema: unknown/unknown
	Autocommit mode: undefined/unknown
	Isolation level: <unknown>
	JDBC fetch size: undefined/unknown
	Pool: undefined/unknown
	Minimum pool size: undefined/unknown
	Maximum pool size: undefined/unknown
03:23:24 INFO  HHH000489: No JTA platform available (set 'hibernate.transaction.jta.platform' to enable JTA platform integration)
03:23:25 INFO  Created proxy type class com.bicirepair.inventario_service.controller.InventarioController$$SpringCGLIB$$0 for class com.bicirepair.inventario_service.controller.InventarioController
03:23:25 INFO  Created proxy type class org.springframework.boot.webmvc.autoconfigure.error.BasicErrorController$$SpringCGLIB$$0 for class org.springframework.boot.webmvc.autoconfigure.error.BasicErrorController
03:23:25 INFO  Created proxy type class org.springdoc.webmvc.api.OpenApiWebMvcResource$$SpringCGLIB$$0 for class org.springdoc.webmvc.api.OpenApiWebMvcResource
03:23:25 INFO  Created proxy type class org.springdoc.webmvc.ui.SwaggerWelcomeWebMvc$$SpringCGLIB$$0 for class org.springdoc.webmvc.ui.SwaggerWelcomeWebMvc
03:23:25 WARN  Public final method [public final org.springframework.web.util.UriComponentsBuilder org.springframework.web.util.UriComponentsBuilder.encode()] cannot get proxied via CGLIB, consider removing the final marker or using interface-based JDK proxies.
03:23:25 INFO  Created proxy type class org.springdoc.webmvc.ui.SwaggerConfigResource$$SpringCGLIB$$0 for class org.springdoc.webmvc.ui.SwaggerConfigResource
03:23:25 INFO  Hibernate is in classpath; If applicable, HQL parser will be used.
